<?xml version="1.0" encoding="UTF-8"?>
<!-- Generated by org.testng.reporters.JUnitXMLReporter -->
<testsuite ignored="0" hostname="LAPTOP-5T9CK8KA" failures="0" tests="31" name="Test" time="149.581" errors="0" timestamp="2025-09-06T10:25:19 IST">
  <testcase classname="tests.ProductTest" name="testAddMultipleProductsToCart" time="0.559"/>
  <testcase classname="tests.ProductTest" name="testAddProductToCart" time="0.786"/>
  <testcase classname="tests.ProductTest" name="testClickProductDetailsPage" time="0.318"/>
  <testcase classname="tests.ProductTest" name="testProductListingPage" time="0.04"/>
  <testcase classname="tests.ProductTest" name="testProductNamesAndPricesDisplayed" time="0.07"/>
  <testcase classname="tests.ProductTest" name="testRemoveProductFromCart" time="0.36"/>
  <testcase classname="tests.ProductTest" name="testSortingOptions" time="0.617"/>
  <testcase classname="tests.LoginTest" name="testEmptyCredentials" time="0.523"/>
  <testcase classname="tests.LoginTest" name="testErrorMessageText" time="0.502"/>
  <testcase classname="tests.LoginTest" name="testInvalidCredentials" time="0.493"/>
  <testcase classname="tests.LoginTest" name="testLockedOutUser" time="0.583"/>
  <testcase classname="tests.LoginTest" name="testLogoutFunctionality" time="1.465"/>
  <testcase classname="tests.LoginTest" name="testPerformanceGlitchUserLogin" time="5.654"/>
  <testcase classname="tests.LoginTest" name="testProblemUserLogin" time="0.593"/>
  <testcase classname="tests.LoginTest" name="testValidLoginStandardUser" time="0.639"/>
  <testcase classname="tests.CartTest" name="testContinueShoppingFromCart" time="0.428"/>
  <testcase classname="tests.CartTest" name="testProceedToCheckout" time="0.422"/>
  <testcase classname="tests.CartTest" name="testRemoveItemFromCart" time="0.419"/>
  <testcase classname="tests.CartTest" name="testVerifyCartItems" time="0.526"/>
  <testcase classname="tests.CheckoutTest" name="testBackHomeFromCheckoutComplete" time="0.696"/>
  <testcase classname="tests.CheckoutTest" name="testCancelCheckout" time="0.46"/>
  <testcase classname="tests.CheckoutTest" name="testCompleteCheckoutValidData" time="0.401"/>
  <testcase classname="tests.CheckoutTest" name="testEmptyFirstName" time="0.295"/>
  <testcase classname="tests.CheckoutTest" name="testEmptyPostalCode" time="0.245"/>
  <testcase classname="tests.CheckoutTest" name="testOrderConfirmationPage" time="0.506"/>
  <testcase classname="tests.CheckoutTest" name="testOrderSummaryValidation" time="0.394"/>
  <testcase classname="tests.UITest" name="testBurgerMenuPresence" time="0.04"/>
  <testcase classname="tests.UITest" name="testFooterLinksAndIcons" time="0.115"/>
  <testcase classname="tests.UITest" name="testLogoutFromBurgerMenu" time="0.491"/>
  <testcase classname="tests.UITest" name="testNavigateToAbout" time="6.219"/>
  <testcase classname="tests.UITest" name="testResetAppState" time="1.165"/>
</testsuite> <!-- Test -->
