<?xml version="1.0" encoding="UTF-8"?>
<testng-results ignored="0" total="31" passed="31" failed="0" skipped="0">
  <reporter-output>
  </reporter-output>
  <suite started-at="2025-09-06T10:22:49 IST" name="Suite" finished-at="2025-09-06T10:25:19 IST" duration-ms="149581">
    <groups>
    </groups>
    <test started-at="2025-09-06T10:22:49 IST" name="Test" finished-at="2025-09-06T10:25:19 IST" duration-ms="149581">
      <class name="tests.LoginTest">
        <test-method is-config="true" signature="setUp()[pri:0, instance:tests.LoginTest@5a2d131d]" started-at="2025-09-06T10:23:36 IST" name="setUp" finished-at="2025-09-06T10:23:37 IST" duration-ms="1255" status="PASS">
          <reporter-output>
          </reporter-output>
        </test-method> <!-- setUp -->
        <test-method is-config="true" signature="setUpTest()[pri:0, instance:tests.LoginTest@5a2d131d]" started-at="2025-09-06T10:23:37 IST" name="setUpTest" finished-at="2025-09-06T10:23:38 IST" duration-ms="808" status="PASS">
          <reporter-output>
          </reporter-output>
        </test-method> <!-- setUpTest -->
        <test-method signature="testEmptyCredentials()[pri:0, instance:tests.LoginTest@5a2d131d]" started-at="2025-09-06T10:23:38 IST" name="testEmptyCredentials" finished-at="2025-09-06T10:23:39 IST" duration-ms="523" status="PASS">
          <reporter-output>
          </reporter-output>
        </test-method> <!-- testEmptyCredentials -->
        <test-method is-config="true" signature="tearDown()[pri:0, instance:tests.LoginTest@5a2d131d]" started-at="2025-09-06T10:23:39 IST" name="tearDown" finished-at="2025-09-06T10:23:39 IST" duration-ms="356" status="PASS">
          <reporter-output>
          </reporter-output>
        </test-method> <!-- tearDown -->
        <test-method is-config="true" signature="setUp()[pri:0, instance:tests.LoginTest@5a2d131d]" started-at="2025-09-06T10:23:39 IST" name="setUp" finished-at="2025-09-06T10:23:40 IST" duration-ms="1133" status="PASS">
          <reporter-output>
          </reporter-output>
        </test-method> <!-- setUp -->
        <test-method is-config="true" signature="setUpTest()[pri:0, instance:tests.LoginTest@5a2d131d]" started-at="2025-09-06T10:23:40 IST" name="setUpTest" finished-at="2025-09-06T10:23:41 IST" duration-ms="847" status="PASS">
          <reporter-output>
          </reporter-output>
        </test-method> <!-- setUpTest -->
        <test-method signature="testErrorMessageText()[pri:0, instance:tests.LoginTest@5a2d131d]" started-at="2025-09-06T10:23:41 IST" name="testErrorMessageText" finished-at="2025-09-06T10:23:41 IST" duration-ms="502" status="PASS">
          <reporter-output>
          </reporter-output>
        </test-method> <!-- testErrorMessageText -->
        <test-method is-config="true" signature="tearDown()[pri:0, instance:tests.LoginTest@5a2d131d]" started-at="2025-09-06T10:23:41 IST" name="tearDown" finished-at="2025-09-06T10:23:42 IST" duration-ms="301" status="PASS">
          <reporter-output>
          </reporter-output>
        </test-method> <!-- tearDown -->
        <test-method is-config="true" signature="setUp()[pri:0, instance:tests.LoginTest@5a2d131d]" started-at="2025-09-06T10:23:42 IST" name="setUp" finished-at="2025-09-06T10:23:43 IST" duration-ms="1133" status="PASS">
          <reporter-output>
          </reporter-output>
        </test-method> <!-- setUp -->
        <test-method is-config="true" signature="setUpTest()[pri:0, instance:tests.LoginTest@5a2d131d]" started-at="2025-09-06T10:23:43 IST" name="setUpTest" finished-at="2025-09-06T10:23:44 IST" duration-ms="1322" status="PASS">
          <reporter-output>
          </reporter-output>
        </test-method> <!-- setUpTest -->
        <test-method signature="testInvalidCredentials()[pri:0, instance:tests.LoginTest@5a2d131d]" started-at="2025-09-06T10:23:44 IST" name="testInvalidCredentials" finished-at="2025-09-06T10:23:45 IST" duration-ms="493" status="PASS">
          <reporter-output>
          </reporter-output>
        </test-method> <!-- testInvalidCredentials -->
        <test-method is-config="true" signature="tearDown()[pri:0, instance:tests.LoginTest@5a2d131d]" started-at="2025-09-06T10:23:45 IST" name="tearDown" finished-at="2025-09-06T10:23:46 IST" duration-ms="1337" status="PASS">
          <reporter-output>
          </reporter-output>
        </test-method> <!-- tearDown -->
        <test-method is-config="true" signature="setUp()[pri:0, instance:tests.LoginTest@5a2d131d]" started-at="2025-09-06T10:23:46 IST" name="setUp" finished-at="2025-09-06T10:23:47 IST" duration-ms="795" status="PASS">
          <reporter-output>
          </reporter-output>
        </test-method> <!-- setUp -->
        <test-method is-config="true" signature="setUpTest()[pri:0, instance:tests.LoginTest@5a2d131d]" started-at="2025-09-06T10:23:47 IST" name="setUpTest" finished-at="2025-09-06T10:23:47 IST" duration-ms="722" status="PASS">
          <reporter-output>
          </reporter-output>
        </test-method> <!-- setUpTest -->
        <test-method signature="testLockedOutUser()[pri:0, instance:tests.LoginTest@5a2d131d]" started-at="2025-09-06T10:23:47 IST" name="testLockedOutUser" finished-at="2025-09-06T10:23:48 IST" duration-ms="583" status="PASS">
          <reporter-output>
          </reporter-output>
        </test-method> <!-- testLockedOutUser -->
        <test-method is-config="true" signature="tearDown()[pri:0, instance:tests.LoginTest@5a2d131d]" started-at="2025-09-06T10:23:48 IST" name="tearDown" finished-at="2025-09-06T10:23:48 IST" duration-ms="359" status="PASS">
          <reporter-output>
          </reporter-output>
        </test-method> <!-- tearDown -->
        <test-method is-config="true" signature="setUp()[pri:0, instance:tests.LoginTest@5a2d131d]" started-at="2025-09-06T10:23:48 IST" name="setUp" finished-at="2025-09-06T10:23:50 IST" duration-ms="1358" status="PASS">
          <reporter-output>
          </reporter-output>
        </test-method> <!-- setUp -->
        <test-method is-config="true" signature="setUpTest()[pri:0, instance:tests.LoginTest@5a2d131d]" started-at="2025-09-06T10:23:50 IST" name="setUpTest" finished-at="2025-09-06T10:23:51 IST" duration-ms="850" status="PASS">
          <reporter-output>
          </reporter-output>
        </test-method> <!-- setUpTest -->
        <test-method signature="testLogoutFunctionality()[pri:0, instance:tests.LoginTest@5a2d131d]" started-at="2025-09-06T10:23:51 IST" name="testLogoutFunctionality" finished-at="2025-09-06T10:23:52 IST" duration-ms="1465" status="PASS">
          <reporter-output>
          </reporter-output>
        </test-method> <!-- testLogoutFunctionality -->
        <test-method is-config="true" signature="tearDown()[pri:0, instance:tests.LoginTest@5a2d131d]" started-at="2025-09-06T10:23:52 IST" name="tearDown" finished-at="2025-09-06T10:23:52 IST" duration-ms="253" status="PASS">
          <reporter-output>
          </reporter-output>
        </test-method> <!-- tearDown -->
        <test-method is-config="true" signature="setUp()[pri:0, instance:tests.LoginTest@5a2d131d]" started-at="2025-09-06T10:23:52 IST" name="setUp" finished-at="2025-09-06T10:23:54 IST" duration-ms="1152" status="PASS">
          <reporter-output>
          </reporter-output>
        </test-method> <!-- setUp -->
        <test-method is-config="true" signature="setUpTest()[pri:0, instance:tests.LoginTest@5a2d131d]" started-at="2025-09-06T10:23:54 IST" name="setUpTest" finished-at="2025-09-06T10:23:54 IST" duration-ms="743" status="PASS">
          <reporter-output>
          </reporter-output>
        </test-method> <!-- setUpTest -->
        <test-method signature="testPerformanceGlitchUserLogin()[pri:0, instance:tests.LoginTest@5a2d131d]" started-at="2025-09-06T10:23:54 IST" name="testPerformanceGlitchUserLogin" finished-at="2025-09-06T10:24:00 IST" duration-ms="5654" status="PASS">
          <reporter-output>
          </reporter-output>
        </test-method> <!-- testPerformanceGlitchUserLogin -->
        <test-method is-config="true" signature="tearDown()[pri:0, instance:tests.LoginTest@5a2d131d]" started-at="2025-09-06T10:24:00 IST" name="tearDown" finished-at="2025-09-06T10:24:00 IST" duration-ms="273" status="PASS">
          <reporter-output>
          </reporter-output>
        </test-method> <!-- tearDown -->
        <test-method is-config="true" signature="setUp()[pri:0, instance:tests.LoginTest@5a2d131d]" started-at="2025-09-06T10:24:00 IST" name="setUp" finished-at="2025-09-06T10:24:02 IST" duration-ms="1809" status="PASS">
          <reporter-output>
          </reporter-output>
        </test-method> <!-- setUp -->
        <test-method is-config="true" signature="setUpTest()[pri:0, instance:tests.LoginTest@5a2d131d]" started-at="2025-09-06T10:24:02 IST" name="setUpTest" finished-at="2025-09-06T10:24:03 IST" duration-ms="776" status="PASS">
          <reporter-output>
          </reporter-output>
        </test-method> <!-- setUpTest -->
        <test-method signature="testProblemUserLogin()[pri:0, instance:tests.LoginTest@5a2d131d]" started-at="2025-09-06T10:24:03 IST" name="testProblemUserLogin" finished-at="2025-09-06T10:24:03 IST" duration-ms="593" status="PASS">
          <reporter-output>
          </reporter-output>
        </test-method> <!-- testProblemUserLogin -->
        <test-method is-config="true" signature="tearDown()[pri:0, instance:tests.LoginTest@5a2d131d]" started-at="2025-09-06T10:24:03 IST" name="tearDown" finished-at="2025-09-06T10:24:04 IST" duration-ms="400" status="PASS">
          <reporter-output>
          </reporter-output>
        </test-method> <!-- tearDown -->
        <test-method is-config="true" signature="setUp()[pri:0, instance:tests.LoginTest@5a2d131d]" started-at="2025-09-06T10:24:04 IST" name="setUp" finished-at="2025-09-06T10:24:05 IST" duration-ms="1203" status="PASS">
          <reporter-output>
          </reporter-output>
        </test-method> <!-- setUp -->
        <test-method is-config="true" signature="setUpTest()[pri:0, instance:tests.LoginTest@5a2d131d]" started-at="2025-09-06T10:24:05 IST" name="setUpTest" finished-at="2025-09-06T10:24:06 IST" duration-ms="858" status="PASS">
          <reporter-output>
          </reporter-output>
        </test-method> <!-- setUpTest -->
        <test-method signature="testValidLoginStandardUser()[pri:0, instance:tests.LoginTest@5a2d131d]" started-at="2025-09-06T10:24:06 IST" name="testValidLoginStandardUser" finished-at="2025-09-06T10:24:06 IST" duration-ms="639" status="PASS">
          <reporter-output>
          </reporter-output>
        </test-method> <!-- testValidLoginStandardUser -->
        <test-method is-config="true" signature="tearDown()[pri:0, instance:tests.LoginTest@5a2d131d]" started-at="2025-09-06T10:24:06 IST" name="tearDown" finished-at="2025-09-06T10:24:07 IST" duration-ms="387" status="PASS">
          <reporter-output>
          </reporter-output>
        </test-method> <!-- tearDown -->
      </class> <!-- tests.LoginTest -->
      <class name="tests.UITest">
        <test-method is-config="true" signature="setUp()[pri:0, instance:tests.UITest@512baff6]" started-at="2025-09-06T10:24:51 IST" name="setUp" finished-at="2025-09-06T10:24:52 IST" duration-ms="1258" status="PASS">
          <reporter-output>
          </reporter-output>
        </test-method> <!-- setUp -->
        <test-method is-config="true" signature="setUpTest()[pri:0, instance:tests.UITest@512baff6]" started-at="2025-09-06T10:24:52 IST" name="setUpTest" finished-at="2025-09-06T10:24:54 IST" duration-ms="1486" status="PASS">
          <reporter-output>
          </reporter-output>
        </test-method> <!-- setUpTest -->
        <test-method signature="testBurgerMenuPresence()[pri:0, instance:tests.UITest@512baff6]" started-at="2025-09-06T10:24:54 IST" name="testBurgerMenuPresence" finished-at="2025-09-06T10:24:54 IST" duration-ms="40" status="PASS">
          <reporter-output>
          </reporter-output>
        </test-method> <!-- testBurgerMenuPresence -->
        <test-method is-config="true" signature="tearDown()[pri:0, instance:tests.UITest@512baff6]" started-at="2025-09-06T10:24:54 IST" name="tearDown" finished-at="2025-09-06T10:24:54 IST" duration-ms="277" status="PASS">
          <reporter-output>
          </reporter-output>
        </test-method> <!-- tearDown -->
        <test-method is-config="true" signature="setUp()[pri:0, instance:tests.UITest@512baff6]" started-at="2025-09-06T10:24:54 IST" name="setUp" finished-at="2025-09-06T10:24:55 IST" duration-ms="1247" status="PASS">
          <reporter-output>
          </reporter-output>
        </test-method> <!-- setUp -->
        <test-method is-config="true" signature="setUpTest()[pri:0, instance:tests.UITest@512baff6]" started-at="2025-09-06T10:24:55 IST" name="setUpTest" finished-at="2025-09-06T10:24:57 IST" duration-ms="1859" status="PASS">
          <reporter-output>
          </reporter-output>
        </test-method> <!-- setUpTest -->
        <test-method signature="testFooterLinksAndIcons()[pri:0, instance:tests.UITest@512baff6]" started-at="2025-09-06T10:24:57 IST" name="testFooterLinksAndIcons" finished-at="2025-09-06T10:24:57 IST" duration-ms="115" status="PASS">
          <reporter-output>
          </reporter-output>
        </test-method> <!-- testFooterLinksAndIcons -->
        <test-method is-config="true" signature="tearDown()[pri:0, instance:tests.UITest@512baff6]" started-at="2025-09-06T10:24:57 IST" name="tearDown" finished-at="2025-09-06T10:24:58 IST" duration-ms="490" status="PASS">
          <reporter-output>
          </reporter-output>
        </test-method> <!-- tearDown -->
        <test-method is-config="true" signature="setUp()[pri:0, instance:tests.UITest@512baff6]" started-at="2025-09-06T10:24:58 IST" name="setUp" finished-at="2025-09-06T10:24:59 IST" duration-ms="1449" status="PASS">
          <reporter-output>
          </reporter-output>
        </test-method> <!-- setUp -->
        <test-method is-config="true" signature="setUpTest()[pri:0, instance:tests.UITest@512baff6]" started-at="2025-09-06T10:24:59 IST" name="setUpTest" finished-at="2025-09-06T10:25:01 IST" duration-ms="1801" status="PASS">
          <reporter-output>
          </reporter-output>
        </test-method> <!-- setUpTest -->
        <test-method signature="testLogoutFromBurgerMenu()[pri:0, instance:tests.UITest@512baff6]" started-at="2025-09-06T10:25:01 IST" name="testLogoutFromBurgerMenu" finished-at="2025-09-06T10:25:01 IST" duration-ms="491" status="PASS">
          <reporter-output>
          </reporter-output>
        </test-method> <!-- testLogoutFromBurgerMenu -->
        <test-method is-config="true" signature="tearDown()[pri:0, instance:tests.UITest@512baff6]" started-at="2025-09-06T10:25:01 IST" name="tearDown" finished-at="2025-09-06T10:25:02 IST" duration-ms="403" status="PASS">
          <reporter-output>
          </reporter-output>
        </test-method> <!-- tearDown -->
        <test-method is-config="true" signature="setUp()[pri:0, instance:tests.UITest@512baff6]" started-at="2025-09-06T10:25:02 IST" name="setUp" finished-at="2025-09-06T10:25:05 IST" duration-ms="2835" status="PASS">
          <reporter-output>
          </reporter-output>
        </test-method> <!-- setUp -->
        <test-method is-config="true" signature="setUpTest()[pri:0, instance:tests.UITest@512baff6]" started-at="2025-09-06T10:25:05 IST" name="setUpTest" finished-at="2025-09-06T10:25:06 IST" duration-ms="1468" status="PASS">
          <reporter-output>
          </reporter-output>
        </test-method> <!-- setUpTest -->
        <test-method signature="testNavigateToAbout()[pri:0, instance:tests.UITest@512baff6]" started-at="2025-09-06T10:25:06 IST" name="testNavigateToAbout" finished-at="2025-09-06T10:25:12 IST" duration-ms="6219" status="PASS">
          <reporter-output>
          </reporter-output>
        </test-method> <!-- testNavigateToAbout -->
        <test-method is-config="true" signature="tearDown()[pri:0, instance:tests.UITest@512baff6]" started-at="2025-09-06T10:25:12 IST" name="tearDown" finished-at="2025-09-06T10:25:13 IST" duration-ms="671" status="PASS">
          <reporter-output>
          </reporter-output>
        </test-method> <!-- tearDown -->
        <test-method is-config="true" signature="setUp()[pri:0, instance:tests.UITest@512baff6]" started-at="2025-09-06T10:25:13 IST" name="setUp" finished-at="2025-09-06T10:25:15 IST" duration-ms="1736" status="PASS">
          <reporter-output>
          </reporter-output>
        </test-method> <!-- setUp -->
        <test-method is-config="true" signature="setUpTest()[pri:0, instance:tests.UITest@512baff6]" started-at="2025-09-06T10:25:15 IST" name="setUpTest" finished-at="2025-09-06T10:25:17 IST" duration-ms="2603" status="PASS">
          <reporter-output>
          </reporter-output>
        </test-method> <!-- setUpTest -->
        <test-method signature="testResetAppState()[pri:0, instance:tests.UITest@512baff6]" started-at="2025-09-06T10:25:17 IST" name="testResetAppState" finished-at="2025-09-06T10:25:18 IST" duration-ms="1165" status="PASS">
          <reporter-output>
          </reporter-output>
        </test-method> <!-- testResetAppState -->
        <test-method is-config="true" signature="tearDown()[pri:0, instance:tests.UITest@512baff6]" started-at="2025-09-06T10:25:18 IST" name="tearDown" finished-at="2025-09-06T10:25:19 IST" duration-ms="297" status="PASS">
          <reporter-output>
          </reporter-output>
        </test-method> <!-- tearDown -->
      </class> <!-- tests.UITest -->
      <class name="tests.CartTest">
        <test-method is-config="true" signature="setUp()[pri:0, instance:tests.CartTest@14fc1f0]" started-at="2025-09-06T10:24:07 IST" name="setUp" finished-at="2025-09-06T10:24:08 IST" duration-ms="1237" status="PASS">
          <reporter-output>
          </reporter-output>
        </test-method> <!-- setUp -->
        <test-method is-config="true" signature="setUpTest()[pri:0, instance:tests.CartTest@14fc1f0]" started-at="2025-09-06T10:24:08 IST" name="setUpTest" finished-at="2025-09-06T10:24:10 IST" duration-ms="1559" status="PASS">
          <reporter-output>
          </reporter-output>
        </test-method> <!-- setUpTest -->
        <test-method signature="testContinueShoppingFromCart()[pri:0, instance:tests.CartTest@14fc1f0]" started-at="2025-09-06T10:24:10 IST" name="testContinueShoppingFromCart" finished-at="2025-09-06T10:24:10 IST" duration-ms="428" status="PASS">
          <reporter-output>
          </reporter-output>
        </test-method> <!-- testContinueShoppingFromCart -->
        <test-method is-config="true" signature="tearDown()[pri:0, instance:tests.CartTest@14fc1f0]" started-at="2025-09-06T10:24:10 IST" name="tearDown" finished-at="2025-09-06T10:24:10 IST" duration-ms="302" status="PASS">
          <reporter-output>
          </reporter-output>
        </test-method> <!-- tearDown -->
        <test-method is-config="true" signature="setUp()[pri:0, instance:tests.CartTest@14fc1f0]" started-at="2025-09-06T10:24:10 IST" name="setUp" finished-at="2025-09-06T10:24:12 IST" duration-ms="1429" status="PASS">
          <reporter-output>
          </reporter-output>
        </test-method> <!-- setUp -->
        <test-method is-config="true" signature="setUpTest()[pri:0, instance:tests.CartTest@14fc1f0]" started-at="2025-09-06T10:24:12 IST" name="setUpTest" finished-at="2025-09-06T10:24:13 IST" duration-ms="1300" status="PASS">
          <reporter-output>
          </reporter-output>
        </test-method> <!-- setUpTest -->
        <test-method signature="testProceedToCheckout()[pri:0, instance:tests.CartTest@14fc1f0]" started-at="2025-09-06T10:24:13 IST" name="testProceedToCheckout" finished-at="2025-09-06T10:24:14 IST" duration-ms="422" status="PASS">
          <reporter-output>
          </reporter-output>
        </test-method> <!-- testProceedToCheckout -->
        <test-method is-config="true" signature="tearDown()[pri:0, instance:tests.CartTest@14fc1f0]" started-at="2025-09-06T10:24:14 IST" name="tearDown" finished-at="2025-09-06T10:24:14 IST" duration-ms="277" status="PASS">
          <reporter-output>
          </reporter-output>
        </test-method> <!-- tearDown -->
        <test-method is-config="true" signature="setUp()[pri:0, instance:tests.CartTest@14fc1f0]" started-at="2025-09-06T10:24:14 IST" name="setUp" finished-at="2025-09-06T10:24:15 IST" duration-ms="1178" status="PASS">
          <reporter-output>
          </reporter-output>
        </test-method> <!-- setUp -->
        <test-method is-config="true" signature="setUpTest()[pri:0, instance:tests.CartTest@14fc1f0]" started-at="2025-09-06T10:24:15 IST" name="setUpTest" finished-at="2025-09-06T10:24:16 IST" duration-ms="1414" status="PASS">
          <reporter-output>
          </reporter-output>
        </test-method> <!-- setUpTest -->
        <test-method signature="testRemoveItemFromCart()[pri:0, instance:tests.CartTest@14fc1f0]" started-at="2025-09-06T10:24:16 IST" name="testRemoveItemFromCart" finished-at="2025-09-06T10:24:17 IST" duration-ms="419" status="PASS">
          <reporter-output>
          </reporter-output>
        </test-method> <!-- testRemoveItemFromCart -->
        <test-method is-config="true" signature="tearDown()[pri:0, instance:tests.CartTest@14fc1f0]" started-at="2025-09-06T10:24:17 IST" name="tearDown" finished-at="2025-09-06T10:24:17 IST" duration-ms="408" status="PASS">
          <reporter-output>
          </reporter-output>
        </test-method> <!-- tearDown -->
        <test-method is-config="true" signature="setUp()[pri:0, instance:tests.CartTest@14fc1f0]" started-at="2025-09-06T10:24:17 IST" name="setUp" finished-at="2025-09-06T10:24:18 IST" duration-ms="1166" status="PASS">
          <reporter-output>
          </reporter-output>
        </test-method> <!-- setUp -->
        <test-method is-config="true" signature="setUpTest()[pri:0, instance:tests.CartTest@14fc1f0]" started-at="2025-09-06T10:24:18 IST" name="setUpTest" finished-at="2025-09-06T10:24:20 IST" duration-ms="1319" status="PASS">
          <reporter-output>
          </reporter-output>
        </test-method> <!-- setUpTest -->
        <test-method signature="testVerifyCartItems()[pri:0, instance:tests.CartTest@14fc1f0]" started-at="2025-09-06T10:24:20 IST" name="testVerifyCartItems" finished-at="2025-09-06T10:24:20 IST" duration-ms="526" status="PASS">
          <reporter-output>
          </reporter-output>
        </test-method> <!-- testVerifyCartItems -->
        <test-method is-config="true" signature="tearDown()[pri:0, instance:tests.CartTest@14fc1f0]" started-at="2025-09-06T10:24:20 IST" name="tearDown" finished-at="2025-09-06T10:24:21 IST" duration-ms="337" status="PASS">
          <reporter-output>
          </reporter-output>
        </test-method> <!-- tearDown -->
      </class> <!-- tests.CartTest -->
      <class name="tests.ProductTest">
        <test-method is-config="true" signature="setUp()[pri:0, instance:tests.ProductTest@63f259c3]" started-at="2025-09-06T10:22:50 IST" name="setUp" finished-at="2025-09-06T10:22:57 IST" duration-ms="7368" status="PASS">
          <reporter-output>
          </reporter-output>
        </test-method> <!-- setUp -->
        <test-method is-config="true" signature="setUpTest()[pri:0, instance:tests.ProductTest@63f259c3]" started-at="2025-09-06T10:22:57 IST" name="setUpTest" finished-at="2025-09-06T10:23:00 IST" duration-ms="3366" status="PASS">
          <reporter-output>
          </reporter-output>
        </test-method> <!-- setUpTest -->
        <test-method signature="testAddMultipleProductsToCart()[pri:0, instance:tests.ProductTest@63f259c3]" started-at="2025-09-06T10:23:00 IST" name="testAddMultipleProductsToCart" finished-at="2025-09-06T10:23:01 IST" duration-ms="559" status="PASS">
          <reporter-output>
          </reporter-output>
        </test-method> <!-- testAddMultipleProductsToCart -->
        <test-method is-config="true" signature="tearDown()[pri:0, instance:tests.ProductTest@63f259c3]" started-at="2025-09-06T10:23:01 IST" name="tearDown" finished-at="2025-09-06T10:23:02 IST" duration-ms="647" status="PASS">
          <reporter-output>
          </reporter-output>
        </test-method> <!-- tearDown -->
        <test-method is-config="true" signature="setUp()[pri:0, instance:tests.ProductTest@63f259c3]" started-at="2025-09-06T10:23:02 IST" name="setUp" finished-at="2025-09-06T10:23:03 IST" duration-ms="1828" status="PASS">
          <reporter-output>
          </reporter-output>
        </test-method> <!-- setUp -->
        <test-method is-config="true" signature="setUpTest()[pri:0, instance:tests.ProductTest@63f259c3]" started-at="2025-09-06T10:23:03 IST" name="setUpTest" finished-at="2025-09-06T10:23:05 IST" duration-ms="1926" status="PASS">
          <reporter-output>
          </reporter-output>
        </test-method> <!-- setUpTest -->
        <test-method signature="testAddProductToCart()[pri:0, instance:tests.ProductTest@63f259c3]" started-at="2025-09-06T10:23:05 IST" name="testAddProductToCart" finished-at="2025-09-06T10:23:06 IST" duration-ms="786" status="PASS">
          <reporter-output>
          </reporter-output>
        </test-method> <!-- testAddProductToCart -->
        <test-method is-config="true" signature="tearDown()[pri:0, instance:tests.ProductTest@63f259c3]" started-at="2025-09-06T10:23:06 IST" name="tearDown" finished-at="2025-09-06T10:23:07 IST" duration-ms="537" status="PASS">
          <reporter-output>
          </reporter-output>
        </test-method> <!-- tearDown -->
        <test-method is-config="true" signature="setUp()[pri:0, instance:tests.ProductTest@63f259c3]" started-at="2025-09-06T10:23:07 IST" name="setUp" finished-at="2025-09-06T10:23:08 IST" duration-ms="1685" status="PASS">
          <reporter-output>
          </reporter-output>
        </test-method> <!-- setUp -->
        <test-method is-config="true" signature="setUpTest()[pri:0, instance:tests.ProductTest@63f259c3]" started-at="2025-09-06T10:23:08 IST" name="setUpTest" finished-at="2025-09-06T10:23:13 IST" duration-ms="5060" status="PASS">
          <reporter-output>
          </reporter-output>
        </test-method> <!-- setUpTest -->
        <test-method signature="testClickProductDetailsPage()[pri:0, instance:tests.ProductTest@63f259c3]" started-at="2025-09-06T10:23:13 IST" name="testClickProductDetailsPage" finished-at="2025-09-06T10:23:14 IST" duration-ms="318" status="PASS">
          <reporter-output>
          </reporter-output>
        </test-method> <!-- testClickProductDetailsPage -->
        <test-method is-config="true" signature="tearDown()[pri:0, instance:tests.ProductTest@63f259c3]" started-at="2025-09-06T10:23:14 IST" name="tearDown" finished-at="2025-09-06T10:23:14 IST" duration-ms="601" status="PASS">
          <reporter-output>
          </reporter-output>
        </test-method> <!-- tearDown -->
        <test-method is-config="true" signature="setUp()[pri:0, instance:tests.ProductTest@63f259c3]" started-at="2025-09-06T10:23:14 IST" name="setUp" finished-at="2025-09-06T10:23:16 IST" duration-ms="1823" status="PASS">
          <reporter-output>
          </reporter-output>
        </test-method> <!-- setUp -->
        <test-method is-config="true" signature="setUpTest()[pri:0, instance:tests.ProductTest@63f259c3]" started-at="2025-09-06T10:23:16 IST" name="setUpTest" finished-at="2025-09-06T10:23:23 IST" duration-ms="6672" status="PASS">
          <reporter-output>
          </reporter-output>
        </test-method> <!-- setUpTest -->
        <test-method signature="testProductListingPage()[pri:0, instance:tests.ProductTest@63f259c3]" started-at="2025-09-06T10:23:23 IST" name="testProductListingPage" finished-at="2025-09-06T10:23:23 IST" duration-ms="40" status="PASS">
          <reporter-output>
          </reporter-output>
        </test-method> <!-- testProductListingPage -->
        <test-method is-config="true" signature="tearDown()[pri:0, instance:tests.ProductTest@63f259c3]" started-at="2025-09-06T10:23:23 IST" name="tearDown" finished-at="2025-09-06T10:23:23 IST" duration-ms="316" status="PASS">
          <reporter-output>
          </reporter-output>
        </test-method> <!-- tearDown -->
        <test-method is-config="true" signature="setUp()[pri:0, instance:tests.ProductTest@63f259c3]" started-at="2025-09-06T10:23:23 IST" name="setUp" finished-at="2025-09-06T10:23:25 IST" duration-ms="1830" status="PASS">
          <reporter-output>
          </reporter-output>
        </test-method> <!-- setUp -->
        <test-method is-config="true" signature="setUpTest()[pri:0, instance:tests.ProductTest@63f259c3]" started-at="2025-09-06T10:23:25 IST" name="setUpTest" finished-at="2025-09-06T10:23:27 IST" duration-ms="2343" status="PASS">
          <reporter-output>
          </reporter-output>
        </test-method> <!-- setUpTest -->
        <test-method signature="testProductNamesAndPricesDisplayed()[pri:0, instance:tests.ProductTest@63f259c3]" started-at="2025-09-06T10:23:27 IST" name="testProductNamesAndPricesDisplayed" finished-at="2025-09-06T10:23:27 IST" duration-ms="70" status="PASS">
          <reporter-output>
          </reporter-output>
        </test-method> <!-- testProductNamesAndPricesDisplayed -->
        <test-method is-config="true" signature="tearDown()[pri:0, instance:tests.ProductTest@63f259c3]" started-at="2025-09-06T10:23:27 IST" name="tearDown" finished-at="2025-09-06T10:23:28 IST" duration-ms="748" status="PASS">
          <reporter-output>
          </reporter-output>
        </test-method> <!-- tearDown -->
        <test-method is-config="true" signature="setUp()[pri:0, instance:tests.ProductTest@63f259c3]" started-at="2025-09-06T10:23:28 IST" name="setUp" finished-at="2025-09-06T10:23:30 IST" duration-ms="1489" status="PASS">
          <reporter-output>
          </reporter-output>
        </test-method> <!-- setUp -->
        <test-method is-config="true" signature="setUpTest()[pri:0, instance:tests.ProductTest@63f259c3]" started-at="2025-09-06T10:23:30 IST" name="setUpTest" finished-at="2025-09-06T10:23:31 IST" duration-ms="1676" status="PASS">
          <reporter-output>
          </reporter-output>
        </test-method> <!-- setUpTest -->
        <test-method signature="testRemoveProductFromCart()[pri:0, instance:tests.ProductTest@63f259c3]" started-at="2025-09-06T10:23:31 IST" name="testRemoveProductFromCart" finished-at="2025-09-06T10:23:32 IST" duration-ms="360" status="PASS">
          <reporter-output>
          </reporter-output>
        </test-method> <!-- testRemoveProductFromCart -->
        <test-method is-config="true" signature="tearDown()[pri:0, instance:tests.ProductTest@63f259c3]" started-at="2025-09-06T10:23:32 IST" name="tearDown" finished-at="2025-09-06T10:23:32 IST" duration-ms="332" status="PASS">
          <reporter-output>
          </reporter-output>
        </test-method> <!-- tearDown -->
        <test-method is-config="true" signature="setUp()[pri:0, instance:tests.ProductTest@63f259c3]" started-at="2025-09-06T10:23:32 IST" name="setUp" finished-at="2025-09-06T10:23:33 IST" duration-ms="1335" status="PASS">
          <reporter-output>
          </reporter-output>
        </test-method> <!-- setUp -->
        <test-method is-config="true" signature="setUpTest()[pri:0, instance:tests.ProductTest@63f259c3]" started-at="2025-09-06T10:23:33 IST" name="setUpTest" finished-at="2025-09-06T10:23:35 IST" duration-ms="1594" status="PASS">
          <reporter-output>
          </reporter-output>
        </test-method> <!-- setUpTest -->
        <test-method signature="testSortingOptions()[pri:0, instance:tests.ProductTest@63f259c3]" started-at="2025-09-06T10:23:35 IST" name="testSortingOptions" finished-at="2025-09-06T10:23:36 IST" duration-ms="617" status="PASS">
          <reporter-output>
          </reporter-output>
        </test-method> <!-- testSortingOptions -->
        <test-method is-config="true" signature="tearDown()[pri:0, instance:tests.ProductTest@63f259c3]" started-at="2025-09-06T10:23:36 IST" name="tearDown" finished-at="2025-09-06T10:23:36 IST" duration-ms="409" status="PASS">
          <reporter-output>
          </reporter-output>
        </test-method> <!-- tearDown -->
      </class> <!-- tests.ProductTest -->
      <class name="tests.CheckoutTest">
        <test-method is-config="true" signature="setUp()[pri:0, instance:tests.CheckoutTest@4ae9cfc1]" started-at="2025-09-06T10:24:21 IST" name="setUp" finished-at="2025-09-06T10:24:22 IST" duration-ms="1088" status="PASS">
          <reporter-output>
          </reporter-output>
        </test-method> <!-- setUp -->
        <test-method is-config="true" signature="setUpTest()[pri:0, instance:tests.CheckoutTest@4ae9cfc1]" started-at="2025-09-06T10:24:22 IST" name="setUpTest" finished-at="2025-09-06T10:24:24 IST" duration-ms="1896" status="PASS">
          <reporter-output>
          </reporter-output>
        </test-method> <!-- setUpTest -->
        <test-method signature="testBackHomeFromCheckoutComplete()[pri:0, instance:tests.CheckoutTest@4ae9cfc1]" started-at="2025-09-06T10:24:24 IST" name="testBackHomeFromCheckoutComplete" finished-at="2025-09-06T10:24:24 IST" duration-ms="696" status="PASS">
          <reporter-output>
          </reporter-output>
        </test-method> <!-- testBackHomeFromCheckoutComplete -->
        <test-method is-config="true" signature="tearDown()[pri:0, instance:tests.CheckoutTest@4ae9cfc1]" started-at="2025-09-06T10:24:24 IST" name="tearDown" finished-at="2025-09-06T10:24:25 IST" duration-ms="289" status="PASS">
          <reporter-output>
          </reporter-output>
        </test-method> <!-- tearDown -->
        <test-method is-config="true" signature="setUp()[pri:0, instance:tests.CheckoutTest@4ae9cfc1]" started-at="2025-09-06T10:24:25 IST" name="setUp" finished-at="2025-09-06T10:24:26 IST" duration-ms="1164" status="PASS">
          <reporter-output>
          </reporter-output>
        </test-method> <!-- setUp -->
        <test-method is-config="true" signature="setUpTest()[pri:0, instance:tests.CheckoutTest@4ae9cfc1]" started-at="2025-09-06T10:24:26 IST" name="setUpTest" finished-at="2025-09-06T10:24:27 IST" duration-ms="1745" status="PASS">
          <reporter-output>
          </reporter-output>
        </test-method> <!-- setUpTest -->
        <test-method signature="testCancelCheckout()[pri:0, instance:tests.CheckoutTest@4ae9cfc1]" started-at="2025-09-06T10:24:27 IST" name="testCancelCheckout" finished-at="2025-09-06T10:24:28 IST" duration-ms="460" status="PASS">
          <reporter-output>
          </reporter-output>
        </test-method> <!-- testCancelCheckout -->
        <test-method is-config="true" signature="tearDown()[pri:0, instance:tests.CheckoutTest@4ae9cfc1]" started-at="2025-09-06T10:24:28 IST" name="tearDown" finished-at="2025-09-06T10:24:28 IST" duration-ms="358" status="PASS">
          <reporter-output>
          </reporter-output>
        </test-method> <!-- tearDown -->
        <test-method is-config="true" signature="setUp()[pri:0, instance:tests.CheckoutTest@4ae9cfc1]" started-at="2025-09-06T10:24:28 IST" name="setUp" finished-at="2025-09-06T10:24:29 IST" duration-ms="1136" status="PASS">
          <reporter-output>
          </reporter-output>
        </test-method> <!-- setUp -->
        <test-method is-config="true" signature="setUpTest()[pri:0, instance:tests.CheckoutTest@4ae9cfc1]" started-at="2025-09-06T10:24:29 IST" name="setUpTest" finished-at="2025-09-06T10:24:32 IST" duration-ms="2299" status="PASS">
          <reporter-output>
          </reporter-output>
        </test-method> <!-- setUpTest -->
        <test-method signature="testCompleteCheckoutValidData()[pri:0, instance:tests.CheckoutTest@4ae9cfc1]" started-at="2025-09-06T10:24:32 IST" name="testCompleteCheckoutValidData" finished-at="2025-09-06T10:24:32 IST" duration-ms="401" status="PASS">
          <reporter-output>
          </reporter-output>
        </test-method> <!-- testCompleteCheckoutValidData -->
        <test-method is-config="true" signature="tearDown()[pri:0, instance:tests.CheckoutTest@4ae9cfc1]" started-at="2025-09-06T10:24:32 IST" name="tearDown" finished-at="2025-09-06T10:24:32 IST" duration-ms="318" status="PASS">
          <reporter-output>
          </reporter-output>
        </test-method> <!-- tearDown -->
        <test-method is-config="true" signature="setUp()[pri:0, instance:tests.CheckoutTest@4ae9cfc1]" started-at="2025-09-06T10:24:32 IST" name="setUp" finished-at="2025-09-06T10:24:34 IST" duration-ms="1135" status="PASS">
          <reporter-output>
          </reporter-output>
        </test-method> <!-- setUp -->
        <test-method is-config="true" signature="setUpTest()[pri:0, instance:tests.CheckoutTest@4ae9cfc1]" started-at="2025-09-06T10:24:34 IST" name="setUpTest" finished-at="2025-09-06T10:24:35 IST" duration-ms="1811" status="PASS">
          <reporter-output>
          </reporter-output>
        </test-method> <!-- setUpTest -->
        <test-method signature="testEmptyFirstName()[pri:0, instance:tests.CheckoutTest@4ae9cfc1]" started-at="2025-09-06T10:24:35 IST" name="testEmptyFirstName" finished-at="2025-09-06T10:24:36 IST" duration-ms="295" status="PASS">
          <reporter-output>
          </reporter-output>
        </test-method> <!-- testEmptyFirstName -->
        <test-method is-config="true" signature="tearDown()[pri:0, instance:tests.CheckoutTest@4ae9cfc1]" started-at="2025-09-06T10:24:36 IST" name="tearDown" finished-at="2025-09-06T10:24:36 IST" duration-ms="305" status="PASS">
          <reporter-output>
          </reporter-output>
        </test-method> <!-- tearDown -->
        <test-method is-config="true" signature="setUp()[pri:0, instance:tests.CheckoutTest@4ae9cfc1]" started-at="2025-09-06T10:24:36 IST" name="setUp" finished-at="2025-09-06T10:24:37 IST" duration-ms="1092" status="PASS">
          <reporter-output>
          </reporter-output>
        </test-method> <!-- setUp -->
        <test-method is-config="true" signature="setUpTest()[pri:0, instance:tests.CheckoutTest@4ae9cfc1]" started-at="2025-09-06T10:24:37 IST" name="setUpTest" finished-at="2025-09-06T10:24:43 IST" duration-ms="5537" status="PASS">
          <reporter-output>
          </reporter-output>
        </test-method> <!-- setUpTest -->
        <test-method signature="testEmptyPostalCode()[pri:0, instance:tests.CheckoutTest@4ae9cfc1]" started-at="2025-09-06T10:24:43 IST" name="testEmptyPostalCode" finished-at="2025-09-06T10:24:43 IST" duration-ms="245" status="PASS">
          <reporter-output>
          </reporter-output>
        </test-method> <!-- testEmptyPostalCode -->
        <test-method is-config="true" signature="tearDown()[pri:0, instance:tests.CheckoutTest@4ae9cfc1]" started-at="2025-09-06T10:24:43 IST" name="tearDown" finished-at="2025-09-06T10:24:43 IST" duration-ms="260" status="PASS">
          <reporter-output>
          </reporter-output>
        </test-method> <!-- tearDown -->
        <test-method is-config="true" signature="setUp()[pri:0, instance:tests.CheckoutTest@4ae9cfc1]" started-at="2025-09-06T10:24:43 IST" name="setUp" finished-at="2025-09-06T10:24:44 IST" duration-ms="1134" status="PASS">
          <reporter-output>
          </reporter-output>
        </test-method> <!-- setUp -->
        <test-method is-config="true" signature="setUpTest()[pri:0, instance:tests.CheckoutTest@4ae9cfc1]" started-at="2025-09-06T10:24:44 IST" name="setUpTest" finished-at="2025-09-06T10:24:46 IST" duration-ms="1858" status="PASS">
          <reporter-output>
          </reporter-output>
        </test-method> <!-- setUpTest -->
        <test-method signature="testOrderConfirmationPage()[pri:0, instance:tests.CheckoutTest@4ae9cfc1]" started-at="2025-09-06T10:24:46 IST" name="testOrderConfirmationPage" finished-at="2025-09-06T10:24:47 IST" duration-ms="506" status="PASS">
          <reporter-output>
          </reporter-output>
        </test-method> <!-- testOrderConfirmationPage -->
        <test-method is-config="true" signature="tearDown()[pri:0, instance:tests.CheckoutTest@4ae9cfc1]" started-at="2025-09-06T10:24:47 IST" name="tearDown" finished-at="2025-09-06T10:24:47 IST" duration-ms="321" status="PASS">
          <reporter-output>
          </reporter-output>
        </test-method> <!-- tearDown -->
        <test-method is-config="true" signature="setUp()[pri:0, instance:tests.CheckoutTest@4ae9cfc1]" started-at="2025-09-06T10:24:47 IST" name="setUp" finished-at="2025-09-06T10:24:48 IST" duration-ms="1208" status="PASS">
          <reporter-output>
          </reporter-output>
        </test-method> <!-- setUp -->
        <test-method is-config="true" signature="setUpTest()[pri:0, instance:tests.CheckoutTest@4ae9cfc1]" started-at="2025-09-06T10:24:48 IST" name="setUpTest" finished-at="2025-09-06T10:24:50 IST" duration-ms="1750" status="PASS">
          <reporter-output>
          </reporter-output>
        </test-method> <!-- setUpTest -->
        <test-method signature="testOrderSummaryValidation()[pri:0, instance:tests.CheckoutTest@4ae9cfc1]" started-at="2025-09-06T10:24:50 IST" name="testOrderSummaryValidation" finished-at="2025-09-06T10:24:50 IST" duration-ms="394" status="PASS">
          <reporter-output>
          </reporter-output>
        </test-method> <!-- testOrderSummaryValidation -->
        <test-method is-config="true" signature="tearDown()[pri:0, instance:tests.CheckoutTest@4ae9cfc1]" started-at="2025-09-06T10:24:50 IST" name="tearDown" finished-at="2025-09-06T10:24:51 IST" duration-ms="501" status="PASS">
          <reporter-output>
          </reporter-output>
        </test-method> <!-- tearDown -->
      </class> <!-- tests.CheckoutTest -->
    </test> <!-- Test -->
  </suite> <!-- Suite -->
</testng-results>
